14:54:23,471 INFO  [org.jboss.remoting] JBoss Remoting version 5.0.0.CR2-SNAPSHOT
14:54:23,535 INFO  [org.xnio] XNIO version 3.5.0.CR3-SNAPSHOT
14:54:23,591 INFO  [org.xnio.nio] XNIO NIO Implementation Version 3.5.0.Beta6
14:54:23,902 INFO  [org.wildfly.security] ELY00001: WildFly Elytron version 1.1.0.Beta54
14:54:25,308 INFO  [org.jboss.as.cli.CommandContext] Warning! The CLI is running in a non-modular environment and cannot load commands from management extensions.
14:54:25,431 INFO  [org.jboss.as.cli.CommandContext] Warning! The CLI is running in a non-modular environment and cannot load commands from management extensions.
14:54:25,543 INFO  [org.jboss.as.cli.CommandContext] Warning! The CLI is running in a non-modular environment and cannot load commands from management extensions.
14:54:25,640 INFO  [org.jboss.as.cli.CommandContext] Warning! The CLI is running in a non-modular environment and cannot load commands from management extensions.
14:54:25,757 INFO  [org.jboss.as.cli.CommandContext] Warning! The CLI is running in a non-modular environment and cannot load commands from management extensions.
14:54:25,862 INFO  [org.jboss.as.cli.CommandContext] Warning! The CLI is running in a non-modular environment and cannot load commands from management extensions.
14:54:25,997 INFO  [org.jboss.as.cli.CommandContext] Warning! The CLI is running in a non-modular environment and cannot load commands from management extensions.
14:54:26,150 INFO  [org.jboss.as.cli.CommandContext] Warning! The CLI is running in a non-modular environment and cannot load commands from management extensions.
14:54:26,225 INFO  [org.jboss.as.cli.CommandContext] Warning! The CLI is running in a non-modular environment and cannot load commands from management extensions.
14:54:26,349 INFO  [org.jboss.as.cli.CommandContext] Warning! The CLI is running in a non-modular environment and cannot load commands from management extensions.
14:54:26,535 INFO  [org.jboss.as.cli.CommandContext] Warning! The CLI is running in a non-modular environment and cannot load commands from management extensions.
14:54:26,678 INFO  [org.jboss.as.cli.CommandContext] Warning! The CLI is running in a non-modular environment and cannot load commands from management extensions.
14:54:26,768 INFO  [org.jboss.as.cli.CommandContext] Warning! The CLI is running in a non-modular environment and cannot load commands from management extensions.
14:54:26,854 INFO  [org.jboss.as.cli.CommandContext] Warning! The CLI is running in a non-modular environment and cannot load commands from management extensions.
14:54:26,963 INFO  [org.jboss.as.cli.CommandContext] Warning! The CLI is running in a non-modular environment and cannot load commands from management extensions.
14:54:27,105 INFO  [org.jboss.as.cli.CommandContext] Warning! The CLI is running in a non-modular environment and cannot load commands from management extensions.
14:54:27,202 INFO  [org.jboss.as.cli.CommandContext] Warning! The CLI is running in a non-modular environment and cannot load commands from management extensions.
14:54:27,350 INFO  [org.jboss.as.cli.CommandContext] Warning! The CLI is running in a non-modular environment and cannot load commands from management extensions.
14:54:27,412 INFO  [org.jboss.as.cli.CommandContext] Warning! The CLI is running in a non-modular environment and cannot load commands from management extensions.
14:54:27,591 INFO  [org.jboss.as.cli.CommandContext] Warning! The CLI is running in a non-modular environment and cannot load commands from management extensions.
14:54:27,746 INFO  [org.jboss.as.cli.CommandContext] Warning! The CLI is running in a non-modular environment and cannot load commands from management extensions.
14:54:27,852 INFO  [org.jboss.as.cli.CommandContext] Warning! The CLI is running in a non-modular environment and cannot load commands from management extensions.
14:54:27,956 INFO  [org.jboss.as.cli.CommandContext] Warning! The CLI is running in a non-modular environment and cannot load commands from management extensions.
14:54:28,087 INFO  [org.jboss.as.cli.CommandContext] Warning! The CLI is running in a non-modular environment and cannot load commands from management extensions.
14:54:28,176 INFO  [org.jboss.as.cli.CommandContext] Warning! The CLI is running in a non-modular environment and cannot load commands from management extensions.
14:54:28,285 INFO  [org.jboss.as.cli.CommandContext] Warning! The CLI is running in a non-modular environment and cannot load commands from management extensions.
14:54:28,390 INFO  [org.jboss.as.cli.CommandContext] Warning! The CLI is running in a non-modular environment and cannot load commands from management extensions.
14:54:28,481 INFO  [org.jboss.as.cli.CommandContext] Warning! The CLI is running in a non-modular environment and cannot load commands from management extensions.
14:54:28,583 INFO  [org.jboss.as.cli.CommandContext] Warning! The CLI is running in a non-modular environment and cannot load commands from management extensions.
14:54:28,690 INFO  [org.jboss.as.cli.CommandContext] Warning! The CLI is running in a non-modular environment and cannot load commands from management extensions.
14:54:28,801 INFO  [org.jboss.as.cli.CommandContext] Warning! The CLI is running in a non-modular environment and cannot load commands from management extensions.
14:54:28,906 INFO  [org.jboss.as.cli.CommandContext] Warning! The CLI is running in a non-modular environment and cannot load commands from management extensions.
14:54:29,046 INFO  [org.jboss.as.cli.CommandContext] Warning! The CLI is running in a non-modular environment and cannot load commands from management extensions.
14:54:29,172 INFO  [org.jboss.as.cli.CommandContext] Warning! The CLI is running in a non-modular environment and cannot load commands from management extensions.
14:54:29,225 INFO  [org.jboss.as.cli.CommandContext] Warning! The CLI is running in a non-modular environment and cannot load commands from management extensions.
14:54:29,329 INFO  [org.jboss.as.cli.CommandContext] Warning! The CLI is running in a non-modular environment and cannot load commands from management extensions.
14:54:29,439 INFO  [org.jboss.as.cli.CommandContext] Warning! The CLI is running in a non-modular environment and cannot load commands from management extensions.
14:54:29,546 INFO  [org.jboss.as.cli.CommandContext] Warning! The CLI is running in a non-modular environment and cannot load commands from management extensions.
14:54:29,657 INFO  [org.jboss.as.cli.CommandContext] Warning! The CLI is running in a non-modular environment and cannot load commands from management extensions.
14:54:29,811 INFO  [org.jboss.as.cli.CommandContext] Warning! The CLI is running in a non-modular environment and cannot load commands from management extensions.
14:54:29,878 INFO  [org.jboss.as.cli.CommandContext] Warning! The CLI is running in a non-modular environment and cannot load commands from management extensions.
14:54:30,000 INFO  [org.jboss.as.cli.CommandContext] Warning! The CLI is running in a non-modular environment and cannot load commands from management extensions.
14:54:30,165 INFO  [org.jboss.as.cli.CommandContext] Warning! The CLI is running in a non-modular environment and cannot load commands from management extensions.
14:54:30,217 INFO  [org.jboss.as.cli.CommandContext] Warning! The CLI is running in a non-modular environment and cannot load commands from management extensions.
14:54:30,309 INFO  [org.jboss.as.cli.CommandContext] Warning! The CLI is running in a non-modular environment and cannot load commands from management extensions.
14:54:30,410 INFO  [org.jboss.as.cli.CommandContext] Warning! The CLI is running in a non-modular environment and cannot load commands from management extensions.
14:54:30,525 INFO  [org.jboss.as.cli.CommandContext] Warning! The CLI is running in a non-modular environment and cannot load commands from management extensions.
14:54:30,627 INFO  [org.jboss.as.cli.CommandContext] Warning! The CLI is running in a non-modular environment and cannot load commands from management extensions.
14:54:30,732 INFO  [org.jboss.as.cli.CommandContext] Warning! The CLI is running in a non-modular environment and cannot load commands from management extensions.
14:54:30,844 INFO  [org.jboss.as.cli.CommandContext] Warning! The CLI is running in a non-modular environment and cannot load commands from management extensions.
14:54:30,949 INFO  [org.jboss.as.cli.CommandContext] Warning! The CLI is running in a non-modular environment and cannot load commands from management extensions.
14:54:31,118 INFO  [org.jboss.as.cli.CommandContext] Warning! The CLI is running in a non-modular environment and cannot load commands from management extensions.
14:54:31,249 INFO  [org.jboss.as.cli.CommandContext] Warning! The CLI is running in a non-modular environment and cannot load commands from management extensions.
14:54:31,290 INFO  [org.jboss.as.cli.CommandContext] Warning! The CLI is running in a non-modular environment and cannot load commands from management extensions.
14:54:31,398 INFO  [org.jboss.as.cli.CommandContext] Warning! The CLI is running in a non-modular environment and cannot load commands from management extensions.
14:54:31,503 INFO  [org.jboss.as.cli.CommandContext] Warning! The CLI is running in a non-modular environment and cannot load commands from management extensions.
14:54:31,628 INFO  [org.jboss.as.cli.CommandContext] Warning! The CLI is running in a non-modular environment and cannot load commands from management extensions.
14:54:31,738 INFO  [org.jboss.as.cli.CommandContext] Warning! The CLI is running in a non-modular environment and cannot load commands from management extensions.
14:54:31,834 INFO  [org.jboss.as.cli.CommandContext] Warning! The CLI is running in a non-modular environment and cannot load commands from management extensions.
14:54:31,936 INFO  [org.jboss.as.cli.CommandContext] Warning! The CLI is running in a non-modular environment and cannot load commands from management extensions.
14:54:32,162 INFO  [org.jboss.as.cli.CommandContext] Warning! The CLI is running in a non-modular environment and cannot load commands from management extensions.
14:54:32,292 INFO  [org.jboss.as.cli.CommandContext] Warning! The CLI is running in a non-modular environment and cannot load commands from management extensions.
14:54:32,416 INFO  [org.jboss.as.cli.CommandContext] Warning! The CLI is running in a non-modular environment and cannot load commands from management extensions.
14:54:32,509 INFO  [org.jboss.as.cli.CommandContext] Warning! The CLI is running in a non-modular environment and cannot load commands from management extensions.
14:54:32,629 INFO  [org.jboss.as.cli.CommandContext] Warning! The CLI is running in a non-modular environment and cannot load commands from management extensions.
14:54:32,728 INFO  [org.jboss.as.cli.CommandContext] Warning! The CLI is running in a non-modular environment and cannot load commands from management extensions.
14:54:32,829 INFO  [org.jboss.as.cli.CommandContext] Warning! The CLI is running in a non-modular environment and cannot load commands from management extensions.
14:54:32,931 INFO  [org.jboss.as.cli.CommandContext] Warning! The CLI is running in a non-modular environment and cannot load commands from management extensions.
14:54:33,062 INFO  [org.jboss.as.cli.CommandContext] Warning! The CLI is running in a non-modular environment and cannot load commands from management extensions.
14:54:33,187 INFO  [org.jboss.as.cli.CommandContext] Warning! The CLI is running in a non-modular environment and cannot load commands from management extensions.
14:54:33,265 INFO  [org.jboss.as.cli.CommandContext] Warning! The CLI is running in a non-modular environment and cannot load commands from management extensions.
14:54:33,428 INFO  [org.jboss.as.cli.CommandContext] Warning! The CLI is running in a non-modular environment and cannot load commands from management extensions.
14:54:33,479 INFO  [org.jboss.as.cli.CommandContext] Warning! The CLI is running in a non-modular environment and cannot load commands from management extensions.
14:54:33,599 INFO  [org.jboss.as.cli.CommandContext] Warning! The CLI is running in a non-modular environment and cannot load commands from management extensions.
14:54:33,698 INFO  [org.jboss.as.cli.CommandContext] Warning! The CLI is running in a non-modular environment and cannot load commands from management extensions.
14:54:33,799 INFO  [org.jboss.as.cli.CommandContext] Warning! The CLI is running in a non-modular environment and cannot load commands from management extensions.
14:54:33,903 INFO  [org.jboss.as.cli.CommandContext] Warning! The CLI is running in a non-modular environment and cannot load commands from management extensions.
14:54:34,006 INFO  [org.jboss.as.cli.CommandContext] Warning! The CLI is running in a non-modular environment and cannot load commands from management extensions.
14:54:34,108 INFO  [org.jboss.as.cli.CommandContext] Warning! The CLI is running in a non-modular environment and cannot load commands from management extensions.
14:54:34,213 INFO  [org.jboss.as.cli.CommandContext] Warning! The CLI is running in a non-modular environment and cannot load commands from management extensions.
14:54:34,336 INFO  [org.jboss.as.cli.CommandContext] Warning! The CLI is running in a non-modular environment and cannot load commands from management extensions.
14:54:34,436 INFO  [org.jboss.as.cli.CommandContext] Warning! The CLI is running in a non-modular environment and cannot load commands from management extensions.
14:54:34,540 INFO  [org.jboss.as.cli.CommandContext] Warning! The CLI is running in a non-modular environment and cannot load commands from management extensions.
14:54:34,641 INFO  [org.jboss.as.cli.CommandContext] Warning! The CLI is running in a non-modular environment and cannot load commands from management extensions.
14:54:34,748 INFO  [org.jboss.as.cli.CommandContext] Warning! The CLI is running in a non-modular environment and cannot load commands from management extensions.
14:54:34,856 INFO  [org.jboss.as.cli.CommandContext] Warning! The CLI is running in a non-modular environment and cannot load commands from management extensions.
14:54:34,971 INFO  [org.jboss.as.cli.CommandContext] Warning! The CLI is running in a non-modular environment and cannot load commands from management extensions.
14:54:35,073 INFO  [org.jboss.as.cli.CommandContext] Warning! The CLI is running in a non-modular environment and cannot load commands from management extensions.
14:54:35,177 INFO  [org.jboss.as.cli.CommandContext] Warning! The CLI is running in a non-modular environment and cannot load commands from management extensions.
14:54:35,285 INFO  [org.jboss.as.cli.CommandContext] Warning! The CLI is running in a non-modular environment and cannot load commands from management extensions.
14:54:35,392 INFO  [org.jboss.as.cli.CommandContext] Warning! The CLI is running in a non-modular environment and cannot load commands from management extensions.
14:54:35,510 INFO  [org.jboss.as.cli.CommandContext] Warning! The CLI is running in a non-modular environment and cannot load commands from management extensions.
14:54:35,610 INFO  [org.jboss.as.cli.CommandContext] Warning! The CLI is running in a non-modular environment and cannot load commands from management extensions.
14:54:35,717 INFO  [org.jboss.as.cli.CommandContext] Warning! The CLI is running in a non-modular environment and cannot load commands from management extensions.
14:54:35,823 INFO  [org.jboss.as.cli.CommandContext] Warning! The CLI is running in a non-modular environment and cannot load commands from management extensions.
14:54:35,950 INFO  [org.jboss.as.cli.CommandContext] Warning! The CLI is running in a non-modular environment and cannot load commands from management extensions.
14:54:36,051 INFO  [org.jboss.as.cli.CommandContext] Warning! The CLI is running in a non-modular environment and cannot load commands from management extensions.
14:54:36,141 INFO  [org.jboss.as.cli.CommandContext] Warning! The CLI is running in a non-modular environment and cannot load commands from management extensions.
14:54:36,248 INFO  [org.jboss.as.cli.CommandContext] Warning! The CLI is running in a non-modular environment and cannot load commands from management extensions.
14:54:36,347 INFO  [org.jboss.as.cli.CommandContext] Warning! The CLI is running in a non-modular environment and cannot load commands from management extensions.
14:54:36,457 INFO  [org.jboss.as.cli.CommandContext] Warning! The CLI is running in a non-modular environment and cannot load commands from management extensions.
14:54:36,567 INFO  [org.jboss.as.cli.CommandContext] Warning! The CLI is running in a non-modular environment and cannot load commands from management extensions.
14:54:36,669 INFO  [org.jboss.as.cli.CommandContext] Warning! The CLI is running in a non-modular environment and cannot load commands from management extensions.
14:54:36,820 INFO  [org.jboss.as.cli.CommandContext] Warning! The CLI is running in a non-modular environment and cannot load commands from management extensions.
14:54:36,902 INFO  [org.jboss.as.cli.CommandContext] Warning! The CLI is running in a non-modular environment and cannot load commands from management extensions.
14:54:36,991 INFO  [org.jboss.as.cli.CommandContext] Warning! The CLI is running in a non-modular environment and cannot load commands from management extensions.
14:54:37,095 INFO  [org.jboss.as.cli.CommandContext] Warning! The CLI is running in a non-modular environment and cannot load commands from management extensions.
14:54:37,203 INFO  [org.jboss.as.cli.CommandContext] Warning! The CLI is running in a non-modular environment and cannot load commands from management extensions.
14:54:37,312 INFO  [org.jboss.as.cli.CommandContext] Warning! The CLI is running in a non-modular environment and cannot load commands from management extensions.
14:54:37,443 INFO  [org.jboss.as.cli.CommandContext] Warning! The CLI is running in a non-modular environment and cannot load commands from management extensions.
14:54:37,551 INFO  [org.jboss.as.cli.CommandContext] Warning! The CLI is running in a non-modular environment and cannot load commands from management extensions.
14:54:37,658 INFO  [org.jboss.as.cli.CommandContext] Warning! The CLI is running in a non-modular environment and cannot load commands from management extensions.
14:54:37,764 INFO  [org.jboss.as.cli.CommandContext] Warning! The CLI is running in a non-modular environment and cannot load commands from management extensions.
14:54:37,867 INFO  [org.jboss.as.cli.CommandContext] Warning! The CLI is running in a non-modular environment and cannot load commands from management extensions.
14:54:37,973 INFO  [org.jboss.as.cli.CommandContext] Warning! The CLI is running in a non-modular environment and cannot load commands from management extensions.
14:54:38,078 INFO  [org.jboss.as.cli.CommandContext] Warning! The CLI is running in a non-modular environment and cannot load commands from management extensions.
14:54:38,182 INFO  [org.jboss.as.cli.CommandContext] Warning! The CLI is running in a non-modular environment and cannot load commands from management extensions.
14:54:38,287 INFO  [org.jboss.as.cli.CommandContext] Warning! The CLI is running in a non-modular environment and cannot load commands from management extensions.
14:54:38,389 INFO  [org.jboss.as.cli.CommandContext] Warning! The CLI is running in a non-modular environment and cannot load commands from management extensions.
14:54:38,495 INFO  [org.jboss.as.cli.CommandContext] Warning! The CLI is running in a non-modular environment and cannot load commands from management extensions.
14:54:38,604 INFO  [org.jboss.as.cli.CommandContext] Warning! The CLI is running in a non-modular environment and cannot load commands from management extensions.
14:54:38,710 INFO  [org.jboss.as.cli.CommandContext] Warning! The CLI is running in a non-modular environment and cannot load commands from management extensions.
14:54:38,819 INFO  [org.jboss.as.cli.CommandContext] Warning! The CLI is running in a non-modular environment and cannot load commands from management extensions.
14:54:38,937 INFO  [org.jboss.as.cli.CommandContext] Warning! The CLI is running in a non-modular environment and cannot load commands from management extensions.
14:54:39,035 INFO  [org.jboss.as.cli.CommandContext] Warning! The CLI is running in a non-modular environment and cannot load commands from management extensions.
14:54:39,140 INFO  [org.jboss.as.cli.CommandContext] Warning! The CLI is running in a non-modular environment and cannot load commands from management extensions.
14:54:39,248 INFO  [org.jboss.as.cli.CommandContext] Warning! The CLI is running in a non-modular environment and cannot load commands from management extensions.
14:54:39,358 INFO  [org.jboss.as.cli.CommandContext] Warning! The CLI is running in a non-modular environment and cannot load commands from management extensions.
14:54:39,465 INFO  [org.jboss.as.cli.CommandContext] Warning! The CLI is running in a non-modular environment and cannot load commands from management extensions.
14:54:39,569 INFO  [org.jboss.as.cli.CommandContext] Warning! The CLI is running in a non-modular environment and cannot load commands from management extensions.
14:54:39,672 INFO  [org.jboss.as.cli.CommandContext] Warning! The CLI is running in a non-modular environment and cannot load commands from management extensions.
14:54:39,784 INFO  [org.jboss.as.cli.CommandContext] Warning! The CLI is running in a non-modular environment and cannot load commands from management extensions.
14:54:39,884 INFO  [org.jboss.as.cli.CommandContext] Warning! The CLI is running in a non-modular environment and cannot load commands from management extensions.
14:54:39,993 INFO  [org.jboss.as.cli.CommandContext] Warning! The CLI is running in a non-modular environment and cannot load commands from management extensions.
14:54:40,101 INFO  [org.jboss.as.cli.CommandContext] Warning! The CLI is running in a non-modular environment and cannot load commands from management extensions.
14:54:40,204 INFO  [org.jboss.as.cli.CommandContext] Warning! The CLI is running in a non-modular environment and cannot load commands from management extensions.
14:54:40,307 INFO  [org.jboss.as.cli.CommandContext] Warning! The CLI is running in a non-modular environment and cannot load commands from management extensions.
14:54:40,412 INFO  [org.jboss.as.cli.CommandContext] Warning! The CLI is running in a non-modular environment and cannot load commands from management extensions.
14:54:40,525 INFO  [org.jboss.as.cli.CommandContext] Warning! The CLI is running in a non-modular environment and cannot load commands from management extensions.
14:54:40,624 INFO  [org.jboss.as.cli.CommandContext] Warning! The CLI is running in a non-modular environment and cannot load commands from management extensions.
14:54:40,732 INFO  [org.jboss.as.cli.CommandContext] Warning! The CLI is running in a non-modular environment and cannot load commands from management extensions.
14:54:40,841 INFO  [org.jboss.as.cli.CommandContext] Warning! The CLI is running in a non-modular environment and cannot load commands from management extensions.
14:54:40,949 INFO  [org.jboss.as.cli.CommandContext] Warning! The CLI is running in a non-modular environment and cannot load commands from management extensions.
14:54:41,055 INFO  [org.jboss.as.cli.CommandContext] Warning! The CLI is running in a non-modular environment and cannot load commands from management extensions.
14:54:41,158 INFO  [org.jboss.as.cli.CommandContext] Warning! The CLI is running in a non-modular environment and cannot load commands from management extensions.
14:54:41,267 INFO  [org.jboss.as.cli.CommandContext] Warning! The CLI is running in a non-modular environment and cannot load commands from management extensions.
14:54:41,371 INFO  [org.jboss.as.cli.CommandContext] Warning! The CLI is running in a non-modular environment and cannot load commands from management extensions.
14:54:41,471 INFO  [org.jboss.as.cli.CommandContext] Warning! The CLI is running in a non-modular environment and cannot load commands from management extensions.
14:54:41,579 INFO  [org.jboss.as.cli.CommandContext] Warning! The CLI is running in a non-modular environment and cannot load commands from management extensions.
14:54:41,685 INFO  [org.jboss.as.cli.CommandContext] Warning! The CLI is running in a non-modular environment and cannot load commands from management extensions.
14:54:41,791 INFO  [org.jboss.as.cli.CommandContext] Warning! The CLI is running in a non-modular environment and cannot load commands from management extensions.
14:54:41,901 INFO  [org.jboss.as.cli.CommandContext] Warning! The CLI is running in a non-modular environment and cannot load commands from management extensions.
14:54:42,009 INFO  [org.jboss.as.cli.CommandContext] Warning! The CLI is running in a non-modular environment and cannot load commands from management extensions.
14:54:42,114 INFO  [org.jboss.as.cli.CommandContext] Warning! The CLI is running in a non-modular environment and cannot load commands from management extensions.
14:54:42,229 INFO  [org.jboss.as.cli.CommandContext] Warning! The CLI is running in a non-modular environment and cannot load commands from management extensions.
14:54:42,330 INFO  [org.jboss.as.cli.CommandContext] Warning! The CLI is running in a non-modular environment and cannot load commands from management extensions.
14:54:42,435 INFO  [org.jboss.as.cli.CommandContext] Warning! The CLI is running in a non-modular environment and cannot load commands from management extensions.
14:54:42,542 INFO  [org.jboss.as.cli.CommandContext] Warning! The CLI is running in a non-modular environment and cannot load commands from management extensions.
14:54:42,647 INFO  [org.jboss.as.cli.CommandContext] Warning! The CLI is running in a non-modular environment and cannot load commands from management extensions.
14:54:42,753 INFO  [org.jboss.as.cli.CommandContext] Warning! The CLI is running in a non-modular environment and cannot load commands from management extensions.
14:54:42,855 INFO  [org.jboss.as.cli.CommandContext] Warning! The CLI is running in a non-modular environment and cannot load commands from management extensions.
14:54:42,959 INFO  [org.jboss.as.cli.CommandContext] Warning! The CLI is running in a non-modular environment and cannot load commands from management extensions.
14:54:43,063 INFO  [org.jboss.as.cli.CommandContext] Warning! The CLI is running in a non-modular environment and cannot load commands from management extensions.
14:54:43,172 INFO  [org.jboss.as.cli.CommandContext] Warning! The CLI is running in a non-modular environment and cannot load commands from management extensions.
14:54:43,278 INFO  [org.jboss.as.cli.CommandContext] Warning! The CLI is running in a non-modular environment and cannot load commands from management extensions.
14:54:43,385 INFO  [org.jboss.as.cli.CommandContext] Warning! The CLI is running in a non-modular environment and cannot load commands from management extensions.
14:54:43,494 INFO  [org.jboss.as.cli.CommandContext] Warning! The CLI is running in a non-modular environment and cannot load commands from management extensions.
14:54:43,600 INFO  [org.jboss.as.cli.CommandContext] Warning! The CLI is running in a non-modular environment and cannot load commands from management extensions.
14:54:43,703 INFO  [org.jboss.as.cli.CommandContext] Warning! The CLI is running in a non-modular environment and cannot load commands from management extensions.
14:54:43,844 INFO  [org.jboss.as.cli.CommandContext] Warning! The CLI is running in a non-modular environment and cannot load commands from management extensions.
14:54:43,925 INFO  [org.jboss.as.cli.CommandContext] Warning! The CLI is running in a non-modular environment and cannot load commands from management extensions.
14:54:44,021 INFO  [org.jboss.as.cli.CommandContext] Warning! The CLI is running in a non-modular environment and cannot load commands from management extensions.
14:54:44,125 INFO  [org.jboss.as.cli.CommandContext] Warning! The CLI is running in a non-modular environment and cannot load commands from management extensions.
14:54:44,228 INFO  [org.jboss.as.cli.CommandContext] Warning! The CLI is running in a non-modular environment and cannot load commands from management extensions.
14:54:44,334 INFO  [org.jboss.as.cli.CommandContext] Warning! The CLI is running in a non-modular environment and cannot load commands from management extensions.
14:54:44,441 INFO  [org.jboss.as.cli.CommandContext] Warning! The CLI is running in a non-modular environment and cannot load commands from management extensions.
14:54:44,545 INFO  [org.jboss.as.cli.CommandContext] Warning! The CLI is running in a non-modular environment and cannot load commands from management extensions.
14:54:44,654 INFO  [org.jboss.as.cli.CommandContext] Warning! The CLI is running in a non-modular environment and cannot load commands from management extensions.
14:54:44,757 INFO  [org.jboss.as.cli.CommandContext] Warning! The CLI is running in a non-modular environment and cannot load commands from management extensions.
14:54:44,860 INFO  [org.jboss.as.cli.CommandContext] Warning! The CLI is running in a non-modular environment and cannot load commands from management extensions.
14:54:44,968 INFO  [org.jboss.as.cli.CommandContext] Warning! The CLI is running in a non-modular environment and cannot load commands from management extensions.
14:54:45,071 INFO  [org.jboss.as.cli.CommandContext] Warning! The CLI is running in a non-modular environment and cannot load commands from management extensions.
14:54:45,174 INFO  [org.jboss.as.cli.CommandContext] Warning! The CLI is running in a non-modular environment and cannot load commands from management extensions.
14:54:45,278 INFO  [org.jboss.as.cli.CommandContext] Warning! The CLI is running in a non-modular environment and cannot load commands from management extensions.
14:54:45,385 INFO  [org.jboss.as.cli.CommandContext] Warning! The CLI is running in a non-modular environment and cannot load commands from management extensions.
14:54:45,490 INFO  [org.jboss.as.cli.CommandContext] Warning! The CLI is running in a non-modular environment and cannot load commands from management extensions.
14:54:45,597 INFO  [org.jboss.as.cli.CommandContext] Warning! The CLI is running in a non-modular environment and cannot load commands from management extensions.
14:54:45,703 INFO  [org.jboss.as.cli.CommandContext] Warning! The CLI is running in a non-modular environment and cannot load commands from management extensions.
14:54:45,809 INFO  [org.jboss.as.cli.CommandContext] Warning! The CLI is running in a non-modular environment and cannot load commands from management extensions.
14:54:45,915 INFO  [org.jboss.as.cli.CommandContext] Warning! The CLI is running in a non-modular environment and cannot load commands from management extensions.
14:54:46,022 INFO  [org.jboss.as.cli.CommandContext] Warning! The CLI is running in a non-modular environment and cannot load commands from management extensions.
14:54:46,134 INFO  [org.jboss.as.cli.CommandContext] Warning! The CLI is running in a non-modular environment and cannot load commands from management extensions.
14:54:46,236 INFO  [org.jboss.as.cli.CommandContext] Warning! The CLI is running in a non-modular environment and cannot load commands from management extensions.
14:54:46,344 INFO  [org.jboss.as.cli.CommandContext] Warning! The CLI is running in a non-modular environment and cannot load commands from management extensions.
14:54:46,451 INFO  [org.jboss.as.cli.CommandContext] Warning! The CLI is running in a non-modular environment and cannot load commands from management extensions.
14:54:46,560 INFO  [org.jboss.as.cli.CommandContext] Warning! The CLI is running in a non-modular environment and cannot load commands from management extensions.
14:54:46,663 INFO  [org.jboss.as.cli.CommandContext] Warning! The CLI is running in a non-modular environment and cannot load commands from management extensions.
